<?xml version="1.0" encoding="UTF-8"?>
<!-- Generated by org.testng.reporters.JUnitXMLReporter -->
<testsuite hostname="Georgs-MacBook-Pro.local" name="Surefire test" tests="10" failures="0" timestamp="19 Dec 2018 20:19:31 GMT" time="0.088" errors="0">
  <testcase name="methodReturnsSmallestTest on methodReturnsSmallestTest(com.kvalit18.example.Calculator_FilippaL.CalculatorAdvancedTest)" time="0.006" classname="com.kvalit18.example.Calculator_FilippaL.CalculatorAdvancedTest"/>
  <testcase name="methodSqrtTest on methodSqrtTest(com.kvalit18.example.Calculator_FilippaL.CalculatorAdvancedTest)" time="0.0" classname="com.kvalit18.example.Calculator_FilippaL.CalculatorAdvancedTest"/>
  <testcase name="methodReturnsGreatestTest on methodReturnsGreatestTest(com.kvalit18.example.Calculator_FilippaL.CalculatorAdvancedTest)" time="0.001" classname="com.kvalit18.example.Calculator_FilippaL.CalculatorAdvancedTest"/>
  <testcase name="methodAbsolueValueTest on methodAbsolueValueTest(com.kvalit18.example.Calculator_FilippaL.CalculatorAdvancedTest)" time="0.002" classname="com.kvalit18.example.Calculator_FilippaL.CalculatorAdvancedTest"/>
  <testcase name="methodTimesTwoTest on methodTimesTwoTest(com.kvalit18.example.Calculator_FilippaL.CalculatorAdvancedTest)" time="0.0" classname="com.kvalit18.example.Calculator_FilippaL.CalculatorAdvancedTest"/>
  <testcase name="methodModuloTest on methodModuloTest(com.kvalit18.example.Calculator_FilippaL.CalculatorAdvancedTest)" time="0.0" classname="com.kvalit18.example.Calculator_FilippaL.CalculatorAdvancedTest"/>
  <testcase name="methodMultiTest on methodMultiTest(com.kvalit18.example.Calculator_FilippaL.CalculatorBasicTest)" time="0.0" classname="com.kvalit18.example.Calculator_FilippaL.CalculatorBasicTest"/>
  <testcase name="methodSubTest on methodSubTest(com.kvalit18.example.Calculator_FilippaL.CalculatorBasicTest)" time="0.0" classname="com.kvalit18.example.Calculator_FilippaL.CalculatorBasicTest"/>
  <testcase name="methodDiviTest on methodDiviTest(com.kvalit18.example.Calculator_FilippaL.CalculatorBasicTest)" time="0.0" classname="com.kvalit18.example.Calculator_FilippaL.CalculatorBasicTest"/>
  <testcase name="methodAddTest on methodAddTest(com.kvalit18.example.Calculator_FilippaL.CalculatorBasicTest)" time="0.0" classname="com.kvalit18.example.Calculator_FilippaL.CalculatorBasicTest"/>
</testsuite> <!-- Surefire test -->
